GROUP,PACKAGE,CLASS,INSTRUCTION_MISSED,INSTRUCTION_COVERED,BRANCH_MISSED,BRANCH_COVERED,LINE_MISSED,LINE_COVERED,COMPLEXITY_MISSED,COMPLEXITY_COVERED,METHOD_MISSED,METHOD_COVERED
io.hgc:jarspec,io.hgc.jarspec,JarSpecJUnitRunner,0,168,0,12,0,37,0,12,0,6
io.hgc:jarspec,io.hgc.jarspec,SpecificationNode.Statement,0,18,0,0,0,7,0,4,0,4
io.hgc:jarspec,io.hgc.jarspec,SpecificationNode.SpecError,0,30,0,2,0,9,0,5,0,4
io.hgc:jarspec,io.hgc.jarspec,SpecificationNode.Aggregate,0,18,0,0,0,7,0,4,0,4
io.hgc:jarspec,io.hgc.jarspec,SpecificationNode,0,10,0,0,0,2,0,2,0,2
io.hgc:jarspec,io.hgc.jarspec,Specification,0,58,0,0,0,11,0,5,0,5
io.hgc:jarspec,io.hgc.jarspec,ExceptionBehaviour,0,21,0,0,0,3,0,1,0,1
